2019-12-06 10:30:25,026 INFO  [main] Web3jConnectionTest: transactionReceipt : {"transactionHash":"0x15faccbd03d79fb3a889be0e421673995376c938a45c3bb5085d7fdd9be26626","transactionIndex":"0x0","blockHash":"0x26da1ee9cf64f0a47ed4d486958332d70792a9730aa4b19edfc63bdb742c0be6","blockNumber":"0xba31d1","cumulativeGasUsed":"0x17086","gasUsed":"0x17086","status":"0x1","from":"0x45738b858d01a828f50e70c59b01cefbd3296af0","to":"0x79e57ff8ab00b4ebe416fb89b696d4834c397fa4","logs":[],"logsBloom":"0x00000000000000000000000000000000000000000000000000000000000000000000000000000000000000000000000000000000000000000000000000000000000000000000000000000000000000000000000000000000000000000000000000000000000000000000000000000000000000000000000000000000000000000000000000000000000000000000000000000000000000000000000000000000000000000000000000000000000000000000000000000000000000000000000000000000000000000000000000000000000000000000000000000000000000000000000000000000000000000000000000000000000000000000000000000000"}
2019-12-06 10:30:52,737 INFO  [main] cluster: Cluster created with settings {hosts=[localhost:27017], mode=SINGLE, requiredClusterType=UNKNOWN, serverSelectionTimeout='30000 ms', maxWaitQueueSize=500}
2019-12-06 10:30:52,769 DEBUG [main] cluster: Updating cluster description to  {type=UNKNOWN, servers=[{address=localhost:27017, type=UNKNOWN, state=CONNECTING}]
2019-12-06 10:30:52,813 DEBUG [main] MappedClass: MappedClass done: MappedClass - kind:accounts for me.triip.migration.entity.Account fields:[_id ( type:ObjectId, single:true); {interface dev.morphia.annotations.Id=@dev.morphia.annotations.Id()}, balanceNumber ( type:String, single:true); {}, hash ( type:String, single:true); {}, balance ( type:String, single:true); {}, walletType ( type:WalletType, single:true); {}]
2019-12-06 10:30:52,840 INFO  [main] cluster: Cluster description not yet available. Waiting for 30000 ms before timing out
2019-12-06 10:30:52,843 INFO  [cluster-ClusterId{value='5de9cb6cf788b530c9c2d63c', description='null'}-localhost:27017] connection: Opened connection [connectionId{localValue:1, serverValue:1}] to localhost:27017
2019-12-06 10:30:52,844 DEBUG [cluster-ClusterId{value='5de9cb6cf788b530c9c2d63c', description='null'}-localhost:27017] cluster: Checking status of localhost:27017
2019-12-06 10:30:52,864 DEBUG [cluster-ClusterId{value='5de9cb6cf788b530c9c2d63c', description='null'}-localhost:27017] command: Sending command '{"ismaster": 1, "$db": "admin"}' with request id 4 to database admin on connection [connectionId{localValue:1, serverValue:1}] to server localhost:27017
2019-12-06 10:30:52,867 DEBUG [cluster-ClusterId{value='5de9cb6cf788b530c9c2d63c', description='null'}-localhost:27017] command: Execution of command with request id 4 completed successfully in 18.05 ms on connection [connectionId{localValue:1, serverValue:1}] to server localhost:27017
2019-12-06 10:30:52,870 INFO  [cluster-ClusterId{value='5de9cb6cf788b530c9c2d63c', description='null'}-localhost:27017] cluster: Monitor thread successfully connected to server with description ServerDescription{address=localhost:27017, type=STANDALONE, state=CONNECTED, ok=true, version=ServerVersion{versionList=[3, 6, 5]}, minWireVersion=0, maxWireVersion=6, maxDocumentSize=16777216, logicalSessionTimeoutMinutes=30, roundTripTimeNanos=23373563}
2019-12-06 10:30:52,871 DEBUG [cluster-ClusterId{value='5de9cb6cf788b530c9c2d63c', description='null'}-localhost:27017] cluster: Updating cluster description to  {type=STANDALONE, servers=[{address=localhost:27017, type=STANDALONE, roundTripTime=23.4 ms, state=CONNECTED}]
2019-12-06 10:30:52,884 INFO  [main] connection: Opened connection [connectionId{localValue:2, serverValue:2}] to localhost:27017
2019-12-06 10:30:52,893 DEBUG [main] command: Sending command '{"find": "accounts", "$db": "siro_01"}' with request id 8 to database siro_01 on connection [connectionId{localValue:2, serverValue:2}] to server localhost:27017
2019-12-06 10:30:52,934 DEBUG [main] command: Execution of command with request id 8 completed successfully in 41.15 ms on connection [connectionId{localValue:2, serverValue:2}] to server localhost:27017
2019-12-06 10:30:52,967 DEBUG [main] command: Sending command '{"getMore": 138015554564, "collection": "accounts", "$db": "siro_01"}' with request id 9 to database siro_01 on connection [connectionId{localValue:2, serverValue:2}] to server localhost:27017
2019-12-06 10:30:53,017 DEBUG [main] command: Execution of command with request id 9 completed successfully in 50.14 ms on connection [connectionId{localValue:2, serverValue:2}] to server localhost:27017
2019-12-06 10:31:02,873 DEBUG [cluster-ClusterId{value='5de9cb6cf788b530c9c2d63c', description='null'}-localhost:27017] cluster: Checking status of localhost:27017
2019-12-06 10:31:02,876 DEBUG [cluster-ClusterId{value='5de9cb6cf788b530c9c2d63c', description='null'}-localhost:27017] command: Sending command '{"ismaster": 1, "$db": "admin"}' with request id 10 to database admin on connection [connectionId{localValue:1, serverValue:1}] to server localhost:27017
2019-12-06 10:31:02,878 DEBUG [cluster-ClusterId{value='5de9cb6cf788b530c9c2d63c', description='null'}-localhost:27017] command: Execution of command with request id 10 completed successfully in 3.39 ms on connection [connectionId{localValue:1, serverValue:1}] to server localhost:27017
2019-12-06 10:31:02,879 DEBUG [cluster-ClusterId{value='5de9cb6cf788b530c9c2d63c', description='null'}-localhost:27017] cluster: Updating cluster description to  {type=STANDALONE, servers=[{address=localhost:27017, type=STANDALONE, roundTripTime=19.7 ms, state=CONNECTED}]
2019-12-06 10:31:12,881 DEBUG [cluster-ClusterId{value='5de9cb6cf788b530c9c2d63c', description='null'}-localhost:27017] cluster: Checking status of localhost:27017
2019-12-06 10:31:12,882 DEBUG [cluster-ClusterId{value='5de9cb6cf788b530c9c2d63c', description='null'}-localhost:27017] command: Sending command '{"ismaster": 1, "$db": "admin"}' with request id 11 to database admin on connection [connectionId{localValue:1, serverValue:1}] to server localhost:27017
2019-12-06 10:31:12,883 DEBUG [cluster-ClusterId{value='5de9cb6cf788b530c9c2d63c', description='null'}-localhost:27017] command: Execution of command with request id 11 completed successfully in 1.30 ms on connection [connectionId{localValue:1, serverValue:1}] to server localhost:27017
2019-12-06 10:31:12,884 DEBUG [cluster-ClusterId{value='5de9cb6cf788b530c9c2d63c', description='null'}-localhost:27017] cluster: Updating cluster description to  {type=STANDALONE, servers=[{address=localhost:27017, type=STANDALONE, roundTripTime=16.2 ms, state=CONNECTED}]
2019-12-06 10:31:22,889 DEBUG [cluster-ClusterId{value='5de9cb6cf788b530c9c2d63c', description='null'}-localhost:27017] cluster: Checking status of localhost:27017
2019-12-06 10:31:22,890 DEBUG [cluster-ClusterId{value='5de9cb6cf788b530c9c2d63c', description='null'}-localhost:27017] command: Sending command '{"ismaster": 1, "$db": "admin"}' with request id 12 to database admin on connection [connectionId{localValue:1, serverValue:1}] to server localhost:27017
2019-12-06 10:31:22,890 DEBUG [cluster-ClusterId{value='5de9cb6cf788b530c9c2d63c', description='null'}-localhost:27017] command: Execution of command with request id 12 completed successfully in 0.67 ms on connection [connectionId{localValue:1, serverValue:1}] to server localhost:27017
2019-12-06 10:31:22,891 DEBUG [cluster-ClusterId{value='5de9cb6cf788b530c9c2d63c', description='null'}-localhost:27017] cluster: Updating cluster description to  {type=STANDALONE, servers=[{address=localhost:27017, type=STANDALONE, roundTripTime=13.2 ms, state=CONNECTED}]
2019-12-06 10:31:32,896 DEBUG [cluster-ClusterId{value='5de9cb6cf788b530c9c2d63c', description='null'}-localhost:27017] cluster: Checking status of localhost:27017
2019-12-06 10:31:32,897 DEBUG [cluster-ClusterId{value='5de9cb6cf788b530c9c2d63c', description='null'}-localhost:27017] command: Sending command '{"ismaster": 1, "$db": "admin"}' with request id 13 to database admin on connection [connectionId{localValue:1, serverValue:1}] to server localhost:27017
2019-12-06 10:31:32,898 DEBUG [cluster-ClusterId{value='5de9cb6cf788b530c9c2d63c', description='null'}-localhost:27017] command: Execution of command with request id 13 completed successfully in 1.20 ms on connection [connectionId{localValue:1, serverValue:1}] to server localhost:27017
2019-12-06 10:31:32,899 DEBUG [cluster-ClusterId{value='5de9cb6cf788b530c9c2d63c', description='null'}-localhost:27017] cluster: Updating cluster description to  {type=STANDALONE, servers=[{address=localhost:27017, type=STANDALONE, roundTripTime=10.9 ms, state=CONNECTED}]
2019-12-06 10:31:42,904 DEBUG [cluster-ClusterId{value='5de9cb6cf788b530c9c2d63c', description='null'}-localhost:27017] cluster: Checking status of localhost:27017
2019-12-06 10:31:42,905 DEBUG [cluster-ClusterId{value='5de9cb6cf788b530c9c2d63c', description='null'}-localhost:27017] command: Sending command '{"ismaster": 1, "$db": "admin"}' with request id 14 to database admin on connection [connectionId{localValue:1, serverValue:1}] to server localhost:27017
2019-12-06 10:31:42,905 DEBUG [cluster-ClusterId{value='5de9cb6cf788b530c9c2d63c', description='null'}-localhost:27017] command: Execution of command with request id 14 completed successfully in 1.04 ms on connection [connectionId{localValue:1, serverValue:1}] to server localhost:27017
2019-12-06 10:31:42,906 DEBUG [cluster-ClusterId{value='5de9cb6cf788b530c9c2d63c', description='null'}-localhost:27017] cluster: Updating cluster description to  {type=STANDALONE, servers=[{address=localhost:27017, type=STANDALONE, roundTripTime=9.1 ms, state=CONNECTED}]
2019-12-06 10:31:52,910 DEBUG [cluster-ClusterId{value='5de9cb6cf788b530c9c2d63c', description='null'}-localhost:27017] cluster: Checking status of localhost:27017
2019-12-06 10:31:52,911 DEBUG [cluster-ClusterId{value='5de9cb6cf788b530c9c2d63c', description='null'}-localhost:27017] command: Sending command '{"ismaster": 1, "$db": "admin"}' with request id 15 to database admin on connection [connectionId{localValue:1, serverValue:1}] to server localhost:27017
2019-12-06 10:31:52,912 DEBUG [cluster-ClusterId{value='5de9cb6cf788b530c9c2d63c', description='null'}-localhost:27017] command: Execution of command with request id 15 completed successfully in 1.21 ms on connection [connectionId{localValue:1, serverValue:1}] to server localhost:27017
2019-12-06 10:31:52,913 DEBUG [cluster-ClusterId{value='5de9cb6cf788b530c9c2d63c', description='null'}-localhost:27017] cluster: Updating cluster description to  {type=STANDALONE, servers=[{address=localhost:27017, type=STANDALONE, roundTripTime=7.7 ms, state=CONNECTED}]
2019-12-06 10:32:02,914 DEBUG [cluster-ClusterId{value='5de9cb6cf788b530c9c2d63c', description='null'}-localhost:27017] cluster: Checking status of localhost:27017
2019-12-06 10:32:02,916 DEBUG [cluster-ClusterId{value='5de9cb6cf788b530c9c2d63c', description='null'}-localhost:27017] command: Sending command '{"ismaster": 1, "$db": "admin"}' with request id 16 to database admin on connection [connectionId{localValue:1, serverValue:1}] to server localhost:27017
2019-12-06 10:32:02,916 DEBUG [cluster-ClusterId{value='5de9cb6cf788b530c9c2d63c', description='null'}-localhost:27017] command: Execution of command with request id 16 completed successfully in 1.02 ms on connection [connectionId{localValue:1, serverValue:1}] to server localhost:27017
2019-12-06 10:32:02,917 DEBUG [cluster-ClusterId{value='5de9cb6cf788b530c9c2d63c', description='null'}-localhost:27017] cluster: Updating cluster description to  {type=STANDALONE, servers=[{address=localhost:27017, type=STANDALONE, roundTripTime=6.5 ms, state=CONNECTED}]
2019-12-06 10:32:12,917 DEBUG [cluster-ClusterId{value='5de9cb6cf788b530c9c2d63c', description='null'}-localhost:27017] cluster: Checking status of localhost:27017
2019-12-06 10:32:12,918 DEBUG [cluster-ClusterId{value='5de9cb6cf788b530c9c2d63c', description='null'}-localhost:27017] command: Sending command '{"ismaster": 1, "$db": "admin"}' with request id 17 to database admin on connection [connectionId{localValue:1, serverValue:1}] to server localhost:27017
2019-12-06 10:32:12,919 DEBUG [cluster-ClusterId{value='5de9cb6cf788b530c9c2d63c', description='null'}-localhost:27017] command: Execution of command with request id 17 completed successfully in 0.76 ms on connection [connectionId{localValue:1, serverValue:1}] to server localhost:27017
2019-12-06 10:32:12,919 DEBUG [cluster-ClusterId{value='5de9cb6cf788b530c9c2d63c', description='null'}-localhost:27017] cluster: Updating cluster description to  {type=STANDALONE, servers=[{address=localhost:27017, type=STANDALONE, roundTripTime=5.4 ms, state=CONNECTED}]
2019-12-06 10:32:22,924 DEBUG [cluster-ClusterId{value='5de9cb6cf788b530c9c2d63c', description='null'}-localhost:27017] cluster: Checking status of localhost:27017
2019-12-06 10:32:22,924 DEBUG [cluster-ClusterId{value='5de9cb6cf788b530c9c2d63c', description='null'}-localhost:27017] command: Sending command '{"ismaster": 1, "$db": "admin"}' with request id 18 to database admin on connection [connectionId{localValue:1, serverValue:1}] to server localhost:27017
2019-12-06 10:32:22,925 DEBUG [cluster-ClusterId{value='5de9cb6cf788b530c9c2d63c', description='null'}-localhost:27017] command: Execution of command with request id 18 completed successfully in 0.64 ms on connection [connectionId{localValue:1, serverValue:1}] to server localhost:27017
2019-12-06 10:32:22,926 DEBUG [cluster-ClusterId{value='5de9cb6cf788b530c9c2d63c', description='null'}-localhost:27017] cluster: Updating cluster description to  {type=STANDALONE, servers=[{address=localhost:27017, type=STANDALONE, roundTripTime=4.6 ms, state=CONNECTED}]
2019-12-06 10:32:32,927 DEBUG [cluster-ClusterId{value='5de9cb6cf788b530c9c2d63c', description='null'}-localhost:27017] cluster: Checking status of localhost:27017
2019-12-06 10:32:32,928 DEBUG [cluster-ClusterId{value='5de9cb6cf788b530c9c2d63c', description='null'}-localhost:27017] command: Sending command '{"ismaster": 1, "$db": "admin"}' with request id 19 to database admin on connection [connectionId{localValue:1, serverValue:1}] to server localhost:27017
2019-12-06 10:32:32,929 DEBUG [cluster-ClusterId{value='5de9cb6cf788b530c9c2d63c', description='null'}-localhost:27017] command: Execution of command with request id 19 completed successfully in 0.93 ms on connection [connectionId{localValue:1, serverValue:1}] to server localhost:27017
2019-12-06 10:32:32,929 DEBUG [cluster-ClusterId{value='5de9cb6cf788b530c9c2d63c', description='null'}-localhost:27017] cluster: Updating cluster description to  {type=STANDALONE, servers=[{address=localhost:27017, type=STANDALONE, roundTripTime=4.0 ms, state=CONNECTED}]
2019-12-06 10:32:42,934 DEBUG [cluster-ClusterId{value='5de9cb6cf788b530c9c2d63c', description='null'}-localhost:27017] cluster: Checking status of localhost:27017
2019-12-06 10:32:42,935 DEBUG [cluster-ClusterId{value='5de9cb6cf788b530c9c2d63c', description='null'}-localhost:27017] command: Sending command '{"ismaster": 1, "$db": "admin"}' with request id 20 to database admin on connection [connectionId{localValue:1, serverValue:1}] to server localhost:27017
2019-12-06 10:32:42,936 DEBUG [cluster-ClusterId{value='5de9cb6cf788b530c9c2d63c', description='null'}-localhost:27017] command: Execution of command with request id 20 completed successfully in 0.89 ms on connection [connectionId{localValue:1, serverValue:1}] to server localhost:27017
2019-12-06 10:32:42,936 DEBUG [cluster-ClusterId{value='5de9cb6cf788b530c9c2d63c', description='null'}-localhost:27017] cluster: Updating cluster description to  {type=STANDALONE, servers=[{address=localhost:27017, type=STANDALONE, roundTripTime=3.5 ms, state=CONNECTED}]
2019-12-06 10:32:52,941 DEBUG [cluster-ClusterId{value='5de9cb6cf788b530c9c2d63c', description='null'}-localhost:27017] cluster: Checking status of localhost:27017
2019-12-06 10:32:52,945 DEBUG [cluster-ClusterId{value='5de9cb6cf788b530c9c2d63c', description='null'}-localhost:27017] command: Sending command '{"ismaster": 1, "$db": "admin"}' with request id 21 to database admin on connection [connectionId{localValue:1, serverValue:1}] to server localhost:27017
2019-12-06 10:32:52,946 DEBUG [cluster-ClusterId{value='5de9cb6cf788b530c9c2d63c', description='null'}-localhost:27017] command: Execution of command with request id 21 completed successfully in 1.00 ms on connection [connectionId{localValue:1, serverValue:1}] to server localhost:27017
2019-12-06 10:32:52,947 DEBUG [cluster-ClusterId{value='5de9cb6cf788b530c9c2d63c', description='null'}-localhost:27017] cluster: Updating cluster description to  {type=STANDALONE, servers=[{address=localhost:27017, type=STANDALONE, roundTripTime=3.2 ms, state=CONNECTED}]
2019-12-06 10:33:02,948 DEBUG [cluster-ClusterId{value='5de9cb6cf788b530c9c2d63c', description='null'}-localhost:27017] cluster: Checking status of localhost:27017
2019-12-06 10:33:02,949 DEBUG [cluster-ClusterId{value='5de9cb6cf788b530c9c2d63c', description='null'}-localhost:27017] command: Sending command '{"ismaster": 1, "$db": "admin"}' with request id 22 to database admin on connection [connectionId{localValue:1, serverValue:1}] to server localhost:27017
2019-12-06 10:33:02,950 DEBUG [cluster-ClusterId{value='5de9cb6cf788b530c9c2d63c', description='null'}-localhost:27017] command: Execution of command with request id 22 completed successfully in 1.01 ms on connection [connectionId{localValue:1, serverValue:1}] to server localhost:27017
2019-12-06 10:33:02,950 DEBUG [cluster-ClusterId{value='5de9cb6cf788b530c9c2d63c', description='null'}-localhost:27017] cluster: Updating cluster description to  {type=STANDALONE, servers=[{address=localhost:27017, type=STANDALONE, roundTripTime=2.9 ms, state=CONNECTED}]
2019-12-06 10:33:12,955 DEBUG [cluster-ClusterId{value='5de9cb6cf788b530c9c2d63c', description='null'}-localhost:27017] cluster: Checking status of localhost:27017
2019-12-06 10:33:12,959 DEBUG [cluster-ClusterId{value='5de9cb6cf788b530c9c2d63c', description='null'}-localhost:27017] command: Sending command '{"ismaster": 1, "$db": "admin"}' with request id 23 to database admin on connection [connectionId{localValue:1, serverValue:1}] to server localhost:27017
2019-12-06 10:33:12,960 DEBUG [cluster-ClusterId{value='5de9cb6cf788b530c9c2d63c', description='null'}-localhost:27017] command: Execution of command with request id 23 completed successfully in 0.59 ms on connection [connectionId{localValue:1, serverValue:1}] to server localhost:27017
2019-12-06 10:33:12,960 DEBUG [cluster-ClusterId{value='5de9cb6cf788b530c9c2d63c', description='null'}-localhost:27017] cluster: Updating cluster description to  {type=STANDALONE, servers=[{address=localhost:27017, type=STANDALONE, roundTripTime=2.5 ms, state=CONNECTED}]
2019-12-06 10:33:22,965 DEBUG [cluster-ClusterId{value='5de9cb6cf788b530c9c2d63c', description='null'}-localhost:27017] cluster: Checking status of localhost:27017
2019-12-06 10:33:22,966 DEBUG [cluster-ClusterId{value='5de9cb6cf788b530c9c2d63c', description='null'}-localhost:27017] command: Sending command '{"ismaster": 1, "$db": "admin"}' with request id 24 to database admin on connection [connectionId{localValue:1, serverValue:1}] to server localhost:27017
2019-12-06 10:33:22,966 DEBUG [cluster-ClusterId{value='5de9cb6cf788b530c9c2d63c', description='null'}-localhost:27017] command: Execution of command with request id 24 completed successfully in 0.74 ms on connection [connectionId{localValue:1, serverValue:1}] to server localhost:27017
2019-12-06 10:33:22,967 DEBUG [cluster-ClusterId{value='5de9cb6cf788b530c9c2d63c', description='null'}-localhost:27017] cluster: Updating cluster description to  {type=STANDALONE, servers=[{address=localhost:27017, type=STANDALONE, roundTripTime=2.3 ms, state=CONNECTED}]
2019-12-06 10:33:32,972 DEBUG [cluster-ClusterId{value='5de9cb6cf788b530c9c2d63c', description='null'}-localhost:27017] cluster: Checking status of localhost:27017
2019-12-06 10:33:32,972 DEBUG [cluster-ClusterId{value='5de9cb6cf788b530c9c2d63c', description='null'}-localhost:27017] command: Sending command '{"ismaster": 1, "$db": "admin"}' with request id 25 to database admin on connection [connectionId{localValue:1, serverValue:1}] to server localhost:27017
2019-12-06 10:33:32,973 DEBUG [cluster-ClusterId{value='5de9cb6cf788b530c9c2d63c', description='null'}-localhost:27017] command: Execution of command with request id 25 completed successfully in 0.50 ms on connection [connectionId{localValue:1, serverValue:1}] to server localhost:27017
2019-12-06 10:33:32,973 DEBUG [cluster-ClusterId{value='5de9cb6cf788b530c9c2d63c', description='null'}-localhost:27017] cluster: Updating cluster description to  {type=STANDALONE, servers=[{address=localhost:27017, type=STANDALONE, roundTripTime=2.0 ms, state=CONNECTED}]
2019-12-06 10:33:42,975 DEBUG [cluster-ClusterId{value='5de9cb6cf788b530c9c2d63c', description='null'}-localhost:27017] cluster: Checking status of localhost:27017
2019-12-06 10:33:42,976 DEBUG [cluster-ClusterId{value='5de9cb6cf788b530c9c2d63c', description='null'}-localhost:27017] command: Sending command '{"ismaster": 1, "$db": "admin"}' with request id 26 to database admin on connection [connectionId{localValue:1, serverValue:1}] to server localhost:27017
2019-12-06 10:33:42,977 DEBUG [cluster-ClusterId{value='5de9cb6cf788b530c9c2d63c', description='null'}-localhost:27017] command: Execution of command with request id 26 completed successfully in 0.87 ms on connection [connectionId{localValue:1, serverValue:1}] to server localhost:27017
2019-12-06 10:33:42,977 DEBUG [cluster-ClusterId{value='5de9cb6cf788b530c9c2d63c', description='null'}-localhost:27017] cluster: Updating cluster description to  {type=STANDALONE, servers=[{address=localhost:27017, type=STANDALONE, roundTripTime=1.9 ms, state=CONNECTED}]
2019-12-06 10:33:52,979 DEBUG [cluster-ClusterId{value='5de9cb6cf788b530c9c2d63c', description='null'}-localhost:27017] cluster: Checking status of localhost:27017
2019-12-06 10:33:52,980 DEBUG [cluster-ClusterId{value='5de9cb6cf788b530c9c2d63c', description='null'}-localhost:27017] command: Sending command '{"ismaster": 1, "$db": "admin"}' with request id 27 to database admin on connection [connectionId{localValue:1, serverValue:1}] to server localhost:27017
2019-12-06 10:33:52,981 DEBUG [cluster-ClusterId{value='5de9cb6cf788b530c9c2d63c', description='null'}-localhost:27017] command: Execution of command with request id 27 completed successfully in 1.04 ms on connection [connectionId{localValue:1, serverValue:1}] to server localhost:27017
2019-12-06 10:33:52,981 DEBUG [cluster-ClusterId{value='5de9cb6cf788b530c9c2d63c', description='null'}-localhost:27017] cluster: Updating cluster description to  {type=STANDALONE, servers=[{address=localhost:27017, type=STANDALONE, roundTripTime=1.9 ms, state=CONNECTED}]
2019-12-06 10:34:02,985 DEBUG [cluster-ClusterId{value='5de9cb6cf788b530c9c2d63c', description='null'}-localhost:27017] cluster: Checking status of localhost:27017
2019-12-06 10:34:02,986 DEBUG [cluster-ClusterId{value='5de9cb6cf788b530c9c2d63c', description='null'}-localhost:27017] command: Sending command '{"ismaster": 1, "$db": "admin"}' with request id 28 to database admin on connection [connectionId{localValue:1, serverValue:1}] to server localhost:27017
2019-12-06 10:34:02,987 DEBUG [cluster-ClusterId{value='5de9cb6cf788b530c9c2d63c', description='null'}-localhost:27017] command: Execution of command with request id 28 completed successfully in 0.97 ms on connection [connectionId{localValue:1, serverValue:1}] to server localhost:27017
2019-12-06 10:34:02,988 DEBUG [cluster-ClusterId{value='5de9cb6cf788b530c9c2d63c', description='null'}-localhost:27017] cluster: Updating cluster description to  {type=STANDALONE, servers=[{address=localhost:27017, type=STANDALONE, roundTripTime=1.8 ms, state=CONNECTED}]
2019-12-06 10:34:12,989 DEBUG [cluster-ClusterId{value='5de9cb6cf788b530c9c2d63c', description='null'}-localhost:27017] cluster: Checking status of localhost:27017
2019-12-06 10:34:12,990 DEBUG [cluster-ClusterId{value='5de9cb6cf788b530c9c2d63c', description='null'}-localhost:27017] command: Sending command '{"ismaster": 1, "$db": "admin"}' with request id 29 to database admin on connection [connectionId{localValue:1, serverValue:1}] to server localhost:27017
2019-12-06 10:34:12,990 DEBUG [cluster-ClusterId{value='5de9cb6cf788b530c9c2d63c', description='null'}-localhost:27017] command: Execution of command with request id 29 completed successfully in 0.59 ms on connection [connectionId{localValue:1, serverValue:1}] to server localhost:27017
2019-12-06 10:34:12,991 DEBUG [cluster-ClusterId{value='5de9cb6cf788b530c9c2d63c', description='null'}-localhost:27017] cluster: Updating cluster description to  {type=STANDALONE, servers=[{address=localhost:27017, type=STANDALONE, roundTripTime=1.7 ms, state=CONNECTED}]
2019-12-06 10:34:22,993 DEBUG [cluster-ClusterId{value='5de9cb6cf788b530c9c2d63c', description='null'}-localhost:27017] cluster: Checking status of localhost:27017
2019-12-06 10:34:22,994 DEBUG [cluster-ClusterId{value='5de9cb6cf788b530c9c2d63c', description='null'}-localhost:27017] command: Sending command '{"ismaster": 1, "$db": "admin"}' with request id 30 to database admin on connection [connectionId{localValue:1, serverValue:1}] to server localhost:27017
2019-12-06 10:34:22,994 DEBUG [cluster-ClusterId{value='5de9cb6cf788b530c9c2d63c', description='null'}-localhost:27017] command: Execution of command with request id 30 completed successfully in 0.55 ms on connection [connectionId{localValue:1, serverValue:1}] to server localhost:27017
2019-12-06 10:34:22,995 DEBUG [cluster-ClusterId{value='5de9cb6cf788b530c9c2d63c', description='null'}-localhost:27017] cluster: Updating cluster description to  {type=STANDALONE, servers=[{address=localhost:27017, type=STANDALONE, roundTripTime=1.5 ms, state=CONNECTED}]
2019-12-06 10:34:32,998 DEBUG [cluster-ClusterId{value='5de9cb6cf788b530c9c2d63c', description='null'}-localhost:27017] cluster: Checking status of localhost:27017
2019-12-06 10:34:33,007 DEBUG [cluster-ClusterId{value='5de9cb6cf788b530c9c2d63c', description='null'}-localhost:27017] command: Sending command '{"ismaster": 1, "$db": "admin"}' with request id 31 to database admin on connection [connectionId{localValue:1, serverValue:1}] to server localhost:27017
2019-12-06 10:34:33,008 DEBUG [cluster-ClusterId{value='5de9cb6cf788b530c9c2d63c', description='null'}-localhost:27017] command: Execution of command with request id 31 completed successfully in 0.87 ms on connection [connectionId{localValue:1, serverValue:1}] to server localhost:27017
2019-12-06 10:34:33,009 DEBUG [cluster-ClusterId{value='5de9cb6cf788b530c9c2d63c', description='null'}-localhost:27017] cluster: Updating cluster description to  {type=STANDALONE, servers=[{address=localhost:27017, type=STANDALONE, roundTripTime=1.5 ms, state=CONNECTED}]
2019-12-06 10:34:43,010 DEBUG [cluster-ClusterId{value='5de9cb6cf788b530c9c2d63c', description='null'}-localhost:27017] cluster: Checking status of localhost:27017
2019-12-06 10:34:43,011 DEBUG [cluster-ClusterId{value='5de9cb6cf788b530c9c2d63c', description='null'}-localhost:27017] command: Sending command '{"ismaster": 1, "$db": "admin"}' with request id 32 to database admin on connection [connectionId{localValue:1, serverValue:1}] to server localhost:27017
2019-12-06 10:34:43,012 DEBUG [cluster-ClusterId{value='5de9cb6cf788b530c9c2d63c', description='null'}-localhost:27017] command: Execution of command with request id 32 completed successfully in 0.80 ms on connection [connectionId{localValue:1, serverValue:1}] to server localhost:27017
2019-12-06 10:34:43,012 DEBUG [cluster-ClusterId{value='5de9cb6cf788b530c9c2d63c', description='null'}-localhost:27017] cluster: Updating cluster description to  {type=STANDALONE, servers=[{address=localhost:27017, type=STANDALONE, roundTripTime=1.5 ms, state=CONNECTED}]
2019-12-06 10:34:53,017 DEBUG [cluster-ClusterId{value='5de9cb6cf788b530c9c2d63c', description='null'}-localhost:27017] cluster: Checking status of localhost:27017
2019-12-06 10:34:53,019 DEBUG [cluster-ClusterId{value='5de9cb6cf788b530c9c2d63c', description='null'}-localhost:27017] command: Sending command '{"ismaster": 1, "$db": "admin"}' with request id 33 to database admin on connection [connectionId{localValue:1, serverValue:1}] to server localhost:27017
2019-12-06 10:34:53,020 DEBUG [cluster-ClusterId{value='5de9cb6cf788b530c9c2d63c', description='null'}-localhost:27017] command: Execution of command with request id 33 completed successfully in 0.79 ms on connection [connectionId{localValue:1, serverValue:1}] to server localhost:27017
2019-12-06 10:34:53,020 DEBUG [cluster-ClusterId{value='5de9cb6cf788b530c9c2d63c', description='null'}-localhost:27017] cluster: Updating cluster description to  {type=STANDALONE, servers=[{address=localhost:27017, type=STANDALONE, roundTripTime=1.5 ms, state=CONNECTED}]
2019-12-06 10:35:03,021 DEBUG [cluster-ClusterId{value='5de9cb6cf788b530c9c2d63c', description='null'}-localhost:27017] cluster: Checking status of localhost:27017
2019-12-06 10:35:03,022 DEBUG [cluster-ClusterId{value='5de9cb6cf788b530c9c2d63c', description='null'}-localhost:27017] command: Sending command '{"ismaster": 1, "$db": "admin"}' with request id 34 to database admin on connection [connectionId{localValue:1, serverValue:1}] to server localhost:27017
2019-12-06 10:35:03,023 DEBUG [cluster-ClusterId{value='5de9cb6cf788b530c9c2d63c', description='null'}-localhost:27017] command: Execution of command with request id 34 completed successfully in 0.89 ms on connection [connectionId{localValue:1, serverValue:1}] to server localhost:27017
2019-12-06 10:35:03,023 DEBUG [cluster-ClusterId{value='5de9cb6cf788b530c9c2d63c', description='null'}-localhost:27017] cluster: Updating cluster description to  {type=STANDALONE, servers=[{address=localhost:27017, type=STANDALONE, roundTripTime=1.5 ms, state=CONNECTED}]
2019-12-06 10:35:13,024 DEBUG [cluster-ClusterId{value='5de9cb6cf788b530c9c2d63c', description='null'}-localhost:27017] cluster: Checking status of localhost:27017
2019-12-06 10:35:13,025 DEBUG [cluster-ClusterId{value='5de9cb6cf788b530c9c2d63c', description='null'}-localhost:27017] command: Sending command '{"ismaster": 1, "$db": "admin"}' with request id 35 to database admin on connection [connectionId{localValue:1, serverValue:1}] to server localhost:27017
2019-12-06 10:35:13,026 DEBUG [cluster-ClusterId{value='5de9cb6cf788b530c9c2d63c', description='null'}-localhost:27017] command: Execution of command with request id 35 completed successfully in 0.83 ms on connection [connectionId{localValue:1, serverValue:1}] to server localhost:27017
2019-12-06 10:35:13,026 DEBUG [cluster-ClusterId{value='5de9cb6cf788b530c9c2d63c', description='null'}-localhost:27017] cluster: Updating cluster description to  {type=STANDALONE, servers=[{address=localhost:27017, type=STANDALONE, roundTripTime=1.5 ms, state=CONNECTED}]
2019-12-06 10:35:23,028 DEBUG [cluster-ClusterId{value='5de9cb6cf788b530c9c2d63c', description='null'}-localhost:27017] cluster: Checking status of localhost:27017
2019-12-06 10:35:23,029 DEBUG [cluster-ClusterId{value='5de9cb6cf788b530c9c2d63c', description='null'}-localhost:27017] command: Sending command '{"ismaster": 1, "$db": "admin"}' with request id 36 to database admin on connection [connectionId{localValue:1, serverValue:1}] to server localhost:27017
2019-12-06 10:35:23,030 DEBUG [cluster-ClusterId{value='5de9cb6cf788b530c9c2d63c', description='null'}-localhost:27017] command: Execution of command with request id 36 completed successfully in 0.86 ms on connection [connectionId{localValue:1, serverValue:1}] to server localhost:27017
2019-12-06 10:35:23,030 DEBUG [cluster-ClusterId{value='5de9cb6cf788b530c9c2d63c', description='null'}-localhost:27017] cluster: Updating cluster description to  {type=STANDALONE, servers=[{address=localhost:27017, type=STANDALONE, roundTripTime=1.5 ms, state=CONNECTED}]
2019-12-06 10:35:33,035 DEBUG [cluster-ClusterId{value='5de9cb6cf788b530c9c2d63c', description='null'}-localhost:27017] cluster: Checking status of localhost:27017
2019-12-06 10:35:33,035 DEBUG [cluster-ClusterId{value='5de9cb6cf788b530c9c2d63c', description='null'}-localhost:27017] command: Sending command '{"ismaster": 1, "$db": "admin"}' with request id 37 to database admin on connection [connectionId{localValue:1, serverValue:1}] to server localhost:27017
2019-12-06 10:35:33,036 DEBUG [cluster-ClusterId{value='5de9cb6cf788b530c9c2d63c', description='null'}-localhost:27017] command: Execution of command with request id 37 completed successfully in 0.86 ms on connection [connectionId{localValue:1, serverValue:1}] to server localhost:27017
2019-12-06 10:35:33,037 DEBUG [cluster-ClusterId{value='5de9cb6cf788b530c9c2d63c', description='null'}-localhost:27017] cluster: Updating cluster description to  {type=STANDALONE, servers=[{address=localhost:27017, type=STANDALONE, roundTripTime=1.5 ms, state=CONNECTED}]
2019-12-06 10:35:43,040 DEBUG [cluster-ClusterId{value='5de9cb6cf788b530c9c2d63c', description='null'}-localhost:27017] cluster: Checking status of localhost:27017
2019-12-06 10:35:43,041 DEBUG [cluster-ClusterId{value='5de9cb6cf788b530c9c2d63c', description='null'}-localhost:27017] command: Sending command '{"ismaster": 1, "$db": "admin"}' with request id 38 to database admin on connection [connectionId{localValue:1, serverValue:1}] to server localhost:27017
2019-12-06 10:35:43,042 DEBUG [cluster-ClusterId{value='5de9cb6cf788b530c9c2d63c', description='null'}-localhost:27017] command: Execution of command with request id 38 completed successfully in 0.77 ms on connection [connectionId{localValue:1, serverValue:1}] to server localhost:27017
2019-12-06 10:35:43,042 DEBUG [cluster-ClusterId{value='5de9cb6cf788b530c9c2d63c', description='null'}-localhost:27017] cluster: Updating cluster description to  {type=STANDALONE, servers=[{address=localhost:27017, type=STANDALONE, roundTripTime=1.4 ms, state=CONNECTED}]
2019-12-06 10:35:53,043 DEBUG [cluster-ClusterId{value='5de9cb6cf788b530c9c2d63c', description='null'}-localhost:27017] cluster: Checking status of localhost:27017
2019-12-06 10:35:53,044 DEBUG [cluster-ClusterId{value='5de9cb6cf788b530c9c2d63c', description='null'}-localhost:27017] command: Sending command '{"ismaster": 1, "$db": "admin"}' with request id 39 to database admin on connection [connectionId{localValue:1, serverValue:1}] to server localhost:27017
2019-12-06 10:35:53,045 DEBUG [cluster-ClusterId{value='5de9cb6cf788b530c9c2d63c', description='null'}-localhost:27017] command: Execution of command with request id 39 completed successfully in 0.73 ms on connection [connectionId{localValue:1, serverValue:1}] to server localhost:27017
2019-12-06 10:35:53,045 DEBUG [cluster-ClusterId{value='5de9cb6cf788b530c9c2d63c', description='null'}-localhost:27017] cluster: Updating cluster description to  {type=STANDALONE, servers=[{address=localhost:27017, type=STANDALONE, roundTripTime=1.4 ms, state=CONNECTED}]
